<?xml version="1.0" encoding="UTF-8"?>
<!-- Generated by org.testng.reporters.JUnitXMLReporter -->
<testsuite hostname="DragosPC" failures="2" tests="4" name="Command line test" time="48.323" errors="0" timestamp="17 May 2022 11:48:17 GMT">
  <testcase classname="ubb.mno.test.EditBuildingTest" name="editBuilding_emptyBuildingName_canNotSave" time="7.645"/>
  <testcase classname="ubb.mno.test.EditBuildingTest" name="editBuilding_emptySafeDistance_canNotSave" time="7.534"/>
  <testcase classname="ubb.mno.test.EditBuildingTest" name="editBuilding_negativeSafeDistance_savedAsPositive" time="7.623">
    <failure type="org.junit.ComparisonFailure" message="expected:&amp;lt;[1]2&amp;gt; but was:&amp;lt;[0]2&amp;gt;">
      <![CDATA[org.junit.ComparisonFailure: expected:<[1]2> but was:<[0]2>
	at org.junit.Assert.assertEquals(Assert.java:117)
	at kotlin.test.junit.JUnitAsserter.assertEquals(JUnitSupport.kt:32)
	at kotlin.test.AssertionsKt__AssertionsKt.assertEquals(Assertions.kt:63)
	at kotlin.test.AssertionsKt.assertEquals(Unknown Source)
	at kotlin.test.AssertionsKt__AssertionsKt.assertEquals$default(Assertions.kt:62)
	at kotlin.test.AssertionsKt.assertEquals$default(Unknown Source)
	at ubb.mno.test.EditBuildingTest.editBuilding_negativeSafeDistance_savedAsPositive(EditBuildingTest.kt:56)
... Removed 34 stack frames]]>
    </failure>
  </testcase> <!-- editBuilding_negativeSafeDistance_savedAsPositive -->
  <testcase classname="ubb.mno.test.EditBuildingTest" name="editBuilding_veryLargeSafeDistance_hasBoundaries" time="13.493">
    <failure type="org.openqa.selenium.NoSuchElementException" message="no such element: Unable to locate element: {&amp;quot;method&amp;quot;:&amp;quot;css selector&amp;quot;,&amp;quot;selector&amp;quot;:&amp;quot;button[title=&amp;quot;Next page&amp;quot;]&amp;quot;}
  (Session info: chrome=101.0.4951.67)
  (Driver info: chromedriver=101.0.4951.41 (93c720db8323b3ec10d056025ab95c23a31997c9-refs/branch-heads/4951@{#904}),platform=Windows NT 10.0.22000 x86_64) (WARNING: The server did not provide any stacktrace information)
Command duration or timeout: 10.06 seconds
For documentation on this error, please visit: http://seleniumhq.org/exceptions/no_such_element.html
Build info: version: &amp;apos;3.1.0&amp;apos;, revision: &amp;apos;b94c902&amp;apos;, time: &amp;apos;2017-02-16 12:21:31 -0800&amp;apos;
System info: host: &amp;apos;DRAGOSPC&amp;apos;, ip: &amp;apos;192.168.56.1&amp;apos;, os.name: &amp;apos;Windows 10&amp;apos;, os.arch: &amp;apos;amd64&amp;apos;, os.version: &amp;apos;10.0&amp;apos;, java.version: &amp;apos;15.0.5&amp;apos;
Driver info: org.openqa.selenium.chrome.ChromeDriver
Capabilities [{mobileEmulationEnabled=false, timeouts={implicit=0, pageLoad=300000, script=30000}, hasTouchScreen=false, platform=XP, acceptSslCerts=false, goog:chromeOptions={debuggerAddress=localhost:52670}, webauthn:extension:credBlob=true, acceptInsecureCerts=false, webStorageEnabled=true, browserName=chrome, takesScreenshot=true, javascriptEnabled=true, setWindowRect=true, webauthn:extension:largeBlob=true, unexpectedAlertBehaviour=ignore, rotatable=false, networkConnectionEnabled=false, chrome={chromedriverVersion=101.0.4951.41 (93c720db8323b3ec10d056025ab95c23a31997c9-refs/branch-heads/4951@{#904}), userDataDir=C:\Users\drago\AppData\Local\Temp\scoped_dir4580_79272168}, takesHeapSnapshot=true, pageLoadStrategy=normal, strictFileInteractability=false, databaseEnabled=false, handlesAlerts=true, version=101.0.4951.67, browserConnectionEnabled=false, proxy={}, nativeEvents=true, locationContextEnabled=true, cssSelectorsEnabled=true, webauthn:virtualAuthenticators=true}]
Session ID: 8c47ddd17c17bb65246840956a9c6c4e
*** Element info: {Using=css selector, value=button[title=&amp;quot;Next page&amp;quot;]}">
      <![CDATA[org.openqa.selenium.NoSuchElementException: no such element: Unable to locate element: {"method":"css selector","selector":"button[title="Next page"]"}
  (Session info: chrome=101.0.4951.67)
  (Driver info: chromedriver=101.0.4951.41 (93c720db8323b3ec10d056025ab95c23a31997c9-refs/branch-heads/4951@{#904}),platform=Windows NT 10.0.22000 x86_64) (WARNING: The server did not provide any stacktrace information)
Command duration or timeout: 10.06 seconds
For documentation on this error, please visit: http://seleniumhq.org/exceptions/no_such_element.html
Build info: version: '3.1.0', revision: 'b94c902', time: '2017-02-16 12:21:31 -0800'
System info: host: 'DRAGOSPC', ip: '192.168.56.1', os.name: 'Windows 10', os.arch: 'amd64', os.version: '10.0', java.version: '15.0.5'
Driver info: org.openqa.selenium.chrome.ChromeDriver
Capabilities [{mobileEmulationEnabled=false, timeouts={implicit=0, pageLoad=300000, script=30000}, hasTouchScreen=false, platform=XP, acceptSslCerts=false, goog:chromeOptions={debuggerAddress=localhost:52670}, webauthn:extension:credBlob=true, acceptInsecureCerts=false, webStorageEnabled=true, browserName=chrome, takesScreenshot=true, javascriptEnabled=true, setWindowRect=true, webauthn:extension:largeBlob=true, unexpectedAlertBehaviour=ignore, rotatable=false, networkConnectionEnabled=false, chrome={chromedriverVersion=101.0.4951.41 (93c720db8323b3ec10d056025ab95c23a31997c9-refs/branch-heads/4951@{#904}), userDataDir=C:\Users\drago\AppData\Local\Temp\scoped_dir4580_79272168}, takesHeapSnapshot=true, pageLoadStrategy=normal, strictFileInteractability=false, databaseEnabled=false, handlesAlerts=true, version=101.0.4951.67, browserConnectionEnabled=false, proxy={}, nativeEvents=true, locationContextEnabled=true, cssSelectorsEnabled=true, webauthn:virtualAuthenticators=true}]
Session ID: 8c47ddd17c17bb65246840956a9c6c4e
*** Element info: {Using=css selector, value=button[title="Next page"]}
	at org.openqa.selenium.remote.ErrorHandler.createThrowable(ErrorHandler.java:216)
	at org.openqa.selenium.remote.ErrorHandler.throwIfResponseFailed(ErrorHandler.java:168)
	at org.openqa.selenium.remote.RemoteWebDriver.execute(RemoteWebDriver.java:635)
	at org.openqa.selenium.remote.RemoteWebDriver.findElement(RemoteWebDriver.java:368)
	at org.openqa.selenium.remote.RemoteWebDriver.findElementByCssSelector(RemoteWebDriver.java:465)
	at org.openqa.selenium.By$ByCssSelector.findElement(By.java:430)
	at org.openqa.selenium.remote.RemoteWebDriver.findElement(RemoteWebDriver.java:360)
	at ubb.mno.page.BuildingsPage.getNextPageButton(BuildingsPage.kt:65)
	at ubb.mno.page.BuildingsPage.lookForBuildingRow(BuildingsPage.kt:46)
	at ubb.mno.page.BuildingsPage.openEditBuildingDialog(BuildingsPage.kt:22)
	at ubb.mno.test.EditBuildingTest.editBuilding_veryLargeSafeDistance_hasBoundaries(EditBuildingTest.kt:67)
... Removed 39 stack frames]]>
    </failure>
  </testcase> <!-- editBuilding_veryLargeSafeDistance_hasBoundaries -->
</testsuite> <!-- Command line test -->
